#
# A fatal error has been detected by the Java Runtime Environment:
#
#  Internal Error (javaCalls.cpp:51), pid=15144, tid=0x00000000000039b0
#  guarantee(thread->is_Java_thread()) failed: crucial check - the VM thread cannot and must not escape to Java code
#
# JRE version: Java(TM) SE Runtime Environment (8.0_131-b11) (build 1.8.0_131-b11)
# Java VM: Java HotSpot(TM) 64-Bit Server VM (25.131-b11 mixed mode windows-amd64 compressed oops)
# Failed to write core dump. Minidumps are not enabled by default on client versions of Windows
#
# If you would like to submit a bug report, please visit:
#   http://bugreport.java.com/bugreport/crash.jsp
#

---------------  T H R E A D  ---------------

Current thread (0x000000005517d000):  VMThread [stack: 0x00000000562b0000,0x00000000563b0000] [id=14768]

Stack: [0x00000000562b0000,0x00000000563b0000]
[error occurred during error reporting (printing stack bounds), id 0xc0000005]

Native frames: (J=compiled Java code, j=interpreted, Vv=VM code, C=native code)

VM_Operation (0x000000005706f730): GetOrSetLocal, mode: safepoint, requested by thread 0x0000000056976800


---------------  P R O C E S S  ---------------

Java Threads: ( => current thread )
  0x0000000058adf800 JavaThread "Exec Stream Pumper" daemon [_thread_in_native, id=14936, stack(0x000000005c810000,0x000000005c910000)]
  0x0000000058adf000 JavaThread "Exec Stream Pumper" daemon [_thread_in_native, id=12420, stack(0x000000005c480000,0x000000005c580000)]
  0x0000000058ade000 JavaThread "Exec Default Executor" daemon [_thread_in_native, id=14064, stack(0x000000005bfc0000,0x000000005c0c0000)]
  0x000000005a42c800 JavaThread "TestNG-tests-1" [_thread_blocked, id=12332, stack(0x000000005c660000,0x000000005c760000)]
  0x0000000056a25800 JavaThread "Service Thread" daemon [_thread_blocked, id=14116, stack(0x00000000570c0000,0x00000000571c0000)]
  0x00000000569a4800 JavaThread "C1 CompilerThread2" daemon [_thread_blocked, id=11212, stack(0x0000000057760000,0x0000000057860000)]
  0x000000005699e000 JavaThread "C2 CompilerThread1" daemon [_thread_blocked, id=16304, stack(0x0000000057600000,0x0000000057700000)]
  0x0000000056991800 JavaThread "C2 CompilerThread0" daemon [_thread_blocked, id=15384, stack(0x00000000574c0000,0x00000000575c0000)]
  0x0000000056984000 JavaThread "JDWP Command Reader" daemon [_thread_in_native, id=14988, stack(0x0000000057340000,0x0000000057440000)]
  0x0000000056982800 JavaThread "JDWP Event Helper Thread" daemon [_thread_blocked, id=15744, stack(0x0000000057210000,0x0000000057310000)]
  0x0000000056976800 JavaThread "JDWP Transport Listener: dt_socket" daemon [_thread_blocked, id=15992, stack(0x0000000056f70000,0x0000000057070000)]
  0x00000000551ef000 JavaThread "Attach Listener" daemon [_thread_blocked, id=16316, stack(0x0000000056870000,0x0000000056970000)]
  0x00000000551ea800 JavaThread "Signal Dispatcher" daemon [_thread_blocked, id=2344, stack(0x00000000566e0000,0x00000000567e0000)]
  0x00000000551cb800 JavaThread "Finalizer" daemon [_thread_blocked, id=8752, stack(0x0000000056490000,0x0000000056590000)]
  0x0000000055184800 JavaThread "Reference Handler" daemon [_thread_blocked, id=12888, stack(0x00000000560f0000,0x00000000561f0000)]
  0x00000000003ce800 JavaThread "main" [_thread_blocked, id=12676, stack(0x00000000025f0000,0x00000000026f0000)]

Other Threads:
=>0x000000005517d000 VMThread [stack: 0x00000000562b0000,0x00000000563b0000] [id=14768]
  0x0000000056a38000 WatcherThread [stack: 0x0000000057a10000,0x0000000057b10000] [id=15080]

VM state:at safepoint (normal execution)

VM Mutex/Monitor currently owned by a thread:  ([mutex/lock_event])
[0x0000000002288980] Threads_lock - owner thread: 0x000000005517d000

Heap:
 PSYoungGen      total 72704K, used 56591K [0x00000000eb180000, 0x00000000f0380000, 0x0000000100000000)
  eden space 64512K, 87% used [0x00000000eb180000,0x00000000ee8c3cd0,0x00000000ef080000)
  from space 8192K, 0% used [0x00000000ef980000,0x00000000ef980000,0x00000000f0180000)
  to   space 9216K, 0% used [0x00000000ef080000,0x00000000ef080000,0x00000000ef980000)
 ParOldGen       total 37888K, used 11088K [0x00000000c1400000, 0x00000000c3900000, 0x00000000eb180000)
  object space 37888K, 29% used [0x00000000c1400000,0x00000000c1ed40e8,0x00000000c3900000)
 Metaspace       used 26089K, capacity 26552K, committed 26800K, reserved 1073152K
  class space    used 3245K, capacity 3418K, committed 3504K, reserved 1048576K

Card table byte_map: [0x0000000011d80000,0x0000000011f80000] byte_map_base: 0x0000000011776000

Marking Bits: (ParMarkBitMap*) 0x000000005d1ac720
 Begin Bits: [0x0000000012690000, 0x0000000013640000)
 End Bits:   [0x0000000013640000, 0x00000000145f0000)

Polling page: 0x0000000000310000

CodeCache: size=245760Kb used=9278Kb max_used=9303Kb free=236481Kb
 bounds [0x00000000029c0000, 0x00000000032e0000, 0x00000000119c0000]
 total_blobs=3014 nmethods=2573 adapters=360
 compilation: enabled

Compilation events (10 events):
Event: 10.640 Thread 0x000000005699e000 nmethod 2835 0x00000000032c2cd0 code [0x00000000032c3220, 0x00000000032c6830]
Event: 10.640 Thread 0x000000005699e000 2882       4       org.apache.xmlbeans.impl.store.Cur::moveNodeContents (912 bytes)
Event: 10.724 Thread 0x0000000056991800 nmethod 2863 0x00000000032cef10 code [0x00000000032cf280, 0x00000000032d32f0]
Event: 10.725 Thread 0x0000000056991800 2840       4       org.apache.xmlbeans.impl.store.Xobj::is_attribute (26 bytes)
Event: 10.725 Thread 0x0000000056991800 nmethod 2840 0x000000000329c190 code [0x000000000329c2c0, 0x000000000329c338]
Event: 10.725 Thread 0x0000000056991800 2837       4       org.apache.xmlbeans.impl.store.Xobj::validate_on_set (29 bytes)
Event: 10.726 Thread 0x0000000056991800 nmethod 2837 0x00000000032bfdd0 code [0x00000000032bff00, 0x00000000032bff98]
Event: 10.726 Thread 0x0000000056991800 2826       4       org.apache.xmlbeans.impl.piccolo.xml.AttributesHolder::getQName (25 bytes)
Event: 10.727 Thread 0x0000000056991800 nmethod 2826 0x00000000032c1190 code [0x00000000032c12e0, 0x00000000032c13d8]
Event: 10.755 Thread 0x000000005699e000 nmethod 2882 0x00000000032d6f50 code [0x00000000032d7300, 0x00000000032dae20]

GC Heap History (10 events):
Event: 4.830 GC heap before
{Heap before GC invocations=3 (full 0):
 PSYoungGen      total 35328K, used 35312K [0x00000000eb180000, 0x00000000ed680000, 0x0000000100000000)
  eden space 32768K, 100% used [0x00000000eb180000,0x00000000ed180000,0x00000000ed180000)
  from space 2560K, 99% used [0x00000000ed400000,0x00000000ed67c030,0x00000000ed680000)
  to   space 2560K, 0% used [0x00000000ed180000,0x00000000ed180000,0x00000000ed400000)
 ParOldGen       total 44032K, used 2999K [0x00000000c1400000, 0x00000000c3f00000, 0x00000000eb180000)
  object space 44032K, 6% used [0x00000000c1400000,0x00000000c16ede80,0x00000000c3f00000)
 Metaspace       used 14548K, capacity 14794K, committed 14848K, reserved 1062912K
  class space    used 1698K, capacity 1773K, committed 1792K, reserved 1048576K
Event: 4.839 GC heap after
Heap after GC invocations=3 (full 0):
 PSYoungGen      total 35328K, used 2542K [0x00000000eb180000, 0x00000000ed680000, 0x0000000100000000)
  eden space 32768K, 0% used [0x00000000eb180000,0x00000000eb180000,0x00000000ed180000)
  from space 2560K, 99% used [0x00000000ed180000,0x00000000ed3fb828,0x00000000ed400000)
  to   space 2560K, 0% used [0x00000000ed400000,0x00000000ed400000,0x00000000ed680000)
 ParOldGen       total 44032K, used 7571K [0x00000000c1400000, 0x00000000c3f00000, 0x00000000eb180000)
  object space 44032K, 17% used [0x00000000c1400000,0x00000000c1b64ed0,0x00000000c3f00000)
 Metaspace       used 14548K, capacity 14794K, committed 14848K, reserved 1062912K
  class space    used 1698K, capacity 1773K, committed 1792K, reserved 1048576K
}
Event: 6.459 GC heap before
{Heap before GC invocations=4 (full 0):
 PSYoungGen      total 35328K, used 35310K [0x00000000eb180000, 0x00000000ed680000, 0x0000000100000000)
  eden space 32768K, 100% used [0x00000000eb180000,0x00000000ed180000,0x00000000ed180000)
  from space 2560K, 99% used [0x00000000ed180000,0x00000000ed3fb828,0x00000000ed400000)
  to   space 2560K, 0% used [0x00000000ed400000,0x00000000ed400000,0x00000000ed680000)
 ParOldGen       total 44032K, used 7571K [0x00000000c1400000, 0x00000000c3f00000, 0x00000000eb180000)
  object space 44032K, 17% used [0x00000000c1400000,0x00000000c1b64ed0,0x00000000c3f00000)
 Metaspace       used 15345K, capacity 15562K, committed 15744K, reserved 1062912K
  class space    used 1800K, capacity 1901K, committed 1920K, reserved 1048576K
Event: 6.469 GC heap after
Heap after GC invocations=4 (full 0):
 PSYoungGen      total 35328K, used 2541K [0x00000000eb180000, 0x00000000ed680000, 0x0000000100000000)
  eden space 32768K, 0% used [0x00000000eb180000,0x00000000eb180000,0x00000000ed180000)
  from space 2560K, 99% used [0x00000000ed400000,0x00000000ed67b788,0x00000000ed680000)
  to   space 2560K, 0% used [0x00000000ed180000,0x00000000ed180000,0x00000000ed400000)
 ParOldGen       total 44032K, used 11082K [0x00000000c1400000, 0x00000000c3f00000, 0x00000000eb180000)
  object space 44032K, 25% used [0x00000000c1400000,0x00000000c1ed2988,0x00000000c3f00000)
 Metaspace       used 15345K, capacity 15562K, committed 15744K, reserved 1062912K
  class space    used 1800K, capacity 1901K, committed 1920K, reserved 1048576K
}
Event: 6.817 GC heap before
{Heap before GC invocations=5 (full 0):
 PSYoungGen      total 35328K, used 35309K [0x00000000eb180000, 0x00000000ed680000, 0x0000000100000000)
  eden space 32768K, 100% used [0x00000000eb180000,0x00000000ed180000,0x00000000ed180000)
  from space 2560K, 99% used [0x00000000ed400000,0x00000000ed67b788,0x00000000ed680000)
  to   space 2560K, 0% used [0x00000000ed180000,0x00000000ed180000,0x00000000ed400000)
 ParOldGen       total 44032K, used 11082K [0x00000000c1400000, 0x00000000c3f00000, 0x00000000eb180000)
  object space 44032K, 25% used [0x00000000c1400000,0x00000000c1ed2988,0x00000000c3f00000)
 Metaspace       used 16308K, capacity 16476K, committed 16640K, reserved 1064960K
  class space    used 1912K, capacity 1968K, committed 2048K, reserved 1048576K
Event: 6.829 GC heap after
Heap after GC invocations=5 (full 0):
 PSYoungGen      total 35328K, used 2551K [0x00000000eb180000, 0x00000000f0180000, 0x0000000100000000)
  eden space 32768K, 0% used [0x00000000eb180000,0x00000000eb180000,0x00000000ed180000)
  from space 2560K, 99% used [0x00000000ed180000,0x00000000ed3fdc98,0x00000000ed400000)
  to   space 8192K, 0% used [0x00000000ef980000,0x00000000ef980000,0x00000000f0180000)
 ParOldGen       total 44032K, used 12255K [0x00000000c1400000, 0x00000000c3f00000, 0x00000000eb180000)
  object space 44032K, 27% used [0x00000000c1400000,0x00000000c1ff7ca8,0x00000000c3f00000)
 Metaspace       used 16308K, capacity 16476K, committed 16640K, reserved 1064960K
  class space    used 1912K, capacity 1968K, committed 2048K, reserved 1048576K
}
Event: 7.446 GC heap before
{Heap before GC invocations=6 (full 0):
 PSYoungGen      total 35328K, used 28097K [0x00000000eb180000, 0x00000000f0180000, 0x0000000100000000)
  eden space 32768K, 77% used [0x00000000eb180000,0x00000000eca72aa8,0x00000000ed180000)
  from space 2560K, 99% used [0x00000000ed180000,0x00000000ed3fdc98,0x00000000ed400000)
  to   space 8192K, 0% used [0x00000000ef980000,0x00000000ef980000,0x00000000f0180000)
 ParOldGen       total 44032K, used 12255K [0x00000000c1400000, 0x00000000c3f00000, 0x00000000eb180000)
  object space 44032K, 27% used [0x00000000c1400000,0x00000000c1ff7ca8,0x00000000c3f00000)
 Metaspace       used 21089K, capacity 21244K, committed 21296K, reserved 1069056K
  class space    used 2503K, capacity 2576K, committed 2608K, reserved 1048576K
Event: 7.454 GC heap after
Heap after GC invocations=6 (full 0):
 PSYoungGen      total 72704K, used 7651K [0x00000000eb180000, 0x00000000f0380000, 0x0000000100000000)
  eden space 64512K, 0% used [0x00000000eb180000,0x00000000eb180000,0x00000000ef080000)
  from space 8192K, 93% used [0x00000000ef980000,0x00000000f00f8d90,0x00000000f0180000)
  to   space 9216K, 0% used [0x00000000ef080000,0x00000000ef080000,0x00000000ef980000)
 ParOldGen       total 44032K, used 12473K [0x00000000c1400000, 0x00000000c3f00000, 0x00000000eb180000)
  object space 44032K, 28% used [0x00000000c1400000,0x00000000c202e7a8,0x00000000c3f00000)
 Metaspace       used 21089K, capacity 21244K, committed 21296K, reserved 1069056K
  class space    used 2503K, capacity 2576K, committed 2608K, reserved 1048576K
}
Event: 7.454 GC heap before
{Heap before GC invocations=7 (full 1):
 PSYoungGen      total 72704K, used 7651K [0x00000000eb180000, 0x00000000f0380000, 0x0000000100000000)
  eden space 64512K, 0% used [0x00000000eb180000,0x00000000eb180000,0x00000000ef080000)
  from space 8192K, 93% used [0x00000000ef980000,0x00000000f00f8d90,0x00000000f0180000)
  to   space 9216K, 0% used [0x00000000ef080000,0x00000000ef080000,0x00000000ef980000)
 ParOldGen       total 44032K, used 12473K [0x00000000c1400000, 0x00000000c3f00000, 0x00000000eb180000)
  object space 44032K, 28% used [0x00000000c1400000,0x00000000c202e7a8,0x00000000c3f00000)
 Metaspace       used 21089K, capacity 21244K, committed 21296K, reserved 1069056K
  class space    used 2503K, capacity 2576K, committed 2608K, reserved 1048576K
Event: 7.492 GC heap after
Heap after GC invocations=7 (full 1):
 PSYoungGen      total 72704K, used 0K [0x00000000eb180000, 0x00000000f0380000, 0x0000000100000000)
  eden space 64512K, 0% used [0x00000000eb180000,0x00000000eb180000,0x00000000ef080000)
  from space 8192K, 0% used [0x00000000ef980000,0x00000000ef980000,0x00000000f0180000)
  to   space 9216K, 0% used [0x00000000ef080000,0x00000000ef080000,0x00000000ef980000)
 ParOldGen       total 37888K, used 11088K [0x00000000c1400000, 0x00000000c3900000, 0x00000000eb180000)
  object space 37888K, 29% used [0x00000000c1400000,0x00000000c1ed40e8,0x00000000c3900000)
 Metaspace       used 21089K, capacity 21244K, committed 21296K, reserved 1069056K
  class space    used 2503K, capacity 2576K, committed 2608K, reserved 1048576K
}

Deoptimization events (10 events):
Event: 10.481 Thread 0x000000005a42c800 Uncommon trap: reason=unhandled action=none pc=0x0000000003058d5c method=java.net.URLClassLoader.findClass(Ljava/lang/String;)Ljava/lang/Class; @ 44
Event: 10.481 Thread 0x000000005a42c800 Uncommon trap: reason=unstable_if action=reinterpret pc=0x0000000002b27ee4 method=java.lang.ThreadLocal$ThreadLocalMap.getEntry(Ljava/lang/ThreadLocal;)Ljava/lang/ThreadLocal$ThreadLocalMap$Entry; @ 29
Event: 10.488 Thread 0x000000005a42c800 Uncommon trap: reason=unhandled action=none pc=0x0000000003058d5c method=java.net.URLClassLoader.findClass(Ljava/lang/String;)Ljava/lang/Class; @ 44
Event: 10.489 Thread 0x000000005a42c800 Uncommon trap: reason=unhandled action=none pc=0x0000000003058d5c method=java.net.URLClassLoader.findClass(Ljava/lang/String;)Ljava/lang/Class; @ 44
Event: 10.490 Thread 0x000000005a42c800 Uncommon trap: reason=unhandled action=none pc=0x0000000003058d5c method=java.net.URLClassLoader.findClass(Ljava/lang/String;)Ljava/lang/Class; @ 44
Event: 10.491 Thread 0x000000005a42c800 Uncommon trap: reason=unhandled action=none pc=0x0000000003058d5c method=java.net.URLClassLoader.findClass(Ljava/lang/String;)Ljava/lang/Class; @ 44
Event: 10.491 Thread 0x000000005a42c800 Uncommon trap: reason=unhandled action=none pc=0x0000000003058d5c method=java.net.URLClassLoader.findClass(Ljava/lang/String;)Ljava/lang/Class; @ 44
Event: 10.491 Thread 0x000000005a42c800 Uncommon trap: reason=unhandled action=none pc=0x0000000003058d5c method=java.net.URLClassLoader.findClass(Ljava/lang/String;)Ljava/lang/Class; @ 44
Event: 10.518 Thread 0x000000005a42c800 Uncommon trap: reason=predicate action=maybe_recompile pc=0x0000000002eb2980 method=java.lang.String.regionMatches(ZILjava/lang/String;II)Z @ 63
Event: 10.534 Thread 0x000000005a42c800 Uncommon trap: reason=speculate_class_check action=maybe_recompile pc=0x00000000031c0fd8 method=org.apache.xmlbeans.impl.values.XmlObjectBase.update_from_wscanon_text(Ljava/lang/String;)V @ 134

Internal exceptions (10 events):
Event: 8.384 Thread 0x000000005a42c800 Exception <a 'java/lang/ArrayIndexOutOfBoundsException'> (0x00000000ec9fd2f0) thrown at [C:\re\workspace\8-2-build-windows-amd64-cygwin\jdk8u131\8869\hotspot\src\share\vm\runtime\sharedRuntime.cpp, line 605]
Event: 8.385 Thread 0x000000005a42c800 Exception <a 'java/lang/ArrayIndexOutOfBoundsException'> (0x00000000eca04518) thrown at [C:\re\workspace\8-2-build-windows-amd64-cygwin\jdk8u131\8869\hotspot\src\share\vm\runtime\sharedRuntime.cpp, line 605]
Event: 8.385 Thread 0x000000005a42c800 Exception <a 'java/lang/ArrayIndexOutOfBoundsException'> (0x00000000eca06070) thrown at [C:\re\workspace\8-2-build-windows-amd64-cygwin\jdk8u131\8869\hotspot\src\share\vm\runtime\sharedRuntime.cpp, line 605]
Event: 8.385 Thread 0x000000005a42c800 Exception <a 'java/lang/ArrayIndexOutOfBoundsException'> (0x00000000eca074a0) thrown at [C:\re\workspace\8-2-build-windows-amd64-cygwin\jdk8u131\8869\hotspot\src\share\vm\runtime\sharedRuntime.cpp, line 605]
Event: 8.386 Thread 0x000000005a42c800 Exception <a 'java/lang/ArrayIndexOutOfBoundsException'> (0x00000000eca089f8) thrown at [C:\re\workspace\8-2-build-windows-amd64-cygwin\jdk8u131\8869\hotspot\src\share\vm\runtime\sharedRuntime.cpp, line 605]
Event: 8.387 Thread 0x000000005a42c800 Exception <a 'java/lang/ArrayIndexOutOfBoundsException'> (0x00000000eca10168) thrown at [C:\re\workspace\8-2-build-windows-amd64-cygwin\jdk8u131\8869\hotspot\src\share\vm\runtime\sharedRuntime.cpp, line 605]
Event: 8.387 Thread 0x000000005a42c800 Exception <a 'java/lang/ArrayIndexOutOfBoundsException'> (0x00000000eca12570) thrown at [C:\re\workspace\8-2-build-windows-amd64-cygwin\jdk8u131\8869\hotspot\src\share\vm\runtime\sharedRuntime.cpp, line 605]
Event: 8.387 Thread 0x000000005a42c800 Exception <a 'java/lang/ArrayIndexOutOfBoundsException'> (0x00000000eca13b10) thrown at [C:\re\workspace\8-2-build-windows-amd64-cygwin\jdk8u131\8869\hotspot\src\share\vm\runtime\sharedRuntime.cpp, line 605]
Event: 8.396 Thread 0x000000005a42c800 Exception <a 'java/lang/IncompatibleClassChangeError': Found class java.lang.Object, but interface was expected> (0x00000000eca3d5a8) thrown at [C:\re\workspace\8-2-build-windows-amd64-cygwin\jdk8u131\8869\hotspot\src\share\vm\interpreter\linkResolver.cpp
Event: 101.477 Thread 0x000000005a42c800 Exception <a 'java/lang/NullPointerException'> (0x00000000ee670388) thrown at [C:\re\workspace\8-2-build-windows-amd64-cygwin\jdk8u131\8869\hotspot\src\share\vm\interpreter\linkResolver.cpp, line 1299]

Events (10 events):
Event: 268.275 Executing VM operation: EnterInterpOnlyMode done
Event: 268.275 Executing VM operation: GetCurrentLocation
Event: 268.275 Executing VM operation: GetCurrentLocation done
Event: 268.275 Executing VM operation: ChangeSingleStep
Event: 268.275 Executing VM operation: ChangeSingleStep done
Event: 268.276 Executing VM operation: GetOrSetLocal
Event: 268.276 Executing VM operation: GetOrSetLocal done
Event: 268.280 Executing VM operation: ChangeSingleStep
Event: 268.280 Executing VM operation: ChangeSingleStep done
Event: 268.652 Executing VM operation: GetOrSetLocal


Dynamic libraries:
0x000000013f250000 - 0x000000013f287000 	D:\Program Files\Java\jre1.8.0_131\bin\javaw.exe
0x0000000077880000 - 0x0000000077a2a000 	D:\WINDOWS\SYSTEM32\ntdll.dll
0x0000000077660000 - 0x000000007777f000 	D:\WINDOWS\system32\kernel32.dll
0x000007fefd8f0000 - 0x000007fefd95a000 	D:\WINDOWS\system32\KERNELBASE.dll
0x0000000075320000 - 0x00000000753ae000 	D:\WINDOWS\System32\SYSFER.DLL
0x000007feffab0000 - 0x000007feffb8b000 	D:\WINDOWS\system32\ADVAPI32.dll
0x000007feff470000 - 0x000007feff50f000 	D:\WINDOWS\system32\msvcrt.dll
0x000007feff1a0000 - 0x000007feff1bf000 	D:\WINDOWS\SYSTEM32\sechost.dll
0x000007feff340000 - 0x000007feff46d000 	D:\WINDOWS\system32\RPCRT4.dll
0x0000000062da0000 - 0x00000000630f2000 	D:\ProgramData\Symantec\Symantec Endpoint Protection\14.0.2415.0200.105\Data\Definitions\IPSDefs\20171101.021\IPSEng64.dll
0x0000000077a40000 - 0x0000000077a47000 	D:\WINDOWS\system32\PSAPI.DLL
0x0000000077780000 - 0x000000007787a000 	D:\WINDOWS\system32\USER32.dll
0x000007fefe810000 - 0x000007fefe877000 	D:\WINDOWS\system32\GDI32.dll
0x000007feff320000 - 0x000007feff32e000 	D:\WINDOWS\system32\LPK.dll
0x000007fefed10000 - 0x000007fefeddb000 	D:\WINDOWS\system32\USP10.dll
0x000007fefbe10000 - 0x000007fefc004000 	D:\WINDOWS\WinSxS\amd64_microsoft.windows.common-controls_6595b64144ccf1df_6.0.7601.18837_none_fa3b1e3d17594757\COMCTL32.dll
0x000007fefebf0000 - 0x000007fefec61000 	D:\WINDOWS\system32\SHLWAPI.dll
0x000007fefac20000 - 0x000007fefac23000 	D:\WINDOWS\system32\api-ms-win-core-synch-l1-2-0.DLL
0x000007feff150000 - 0x000007feff17e000 	D:\WINDOWS\system32\IMM32.DLL
0x000007feff1c0000 - 0x000007feff2c9000 	D:\WINDOWS\system32\MSCTF.dll
0x000000006d000000 - 0x000000006d0d2000 	D:\Program Files\Java\jre1.8.0_131\bin\msvcr100.dll
0x000000005c990000 - 0x000000005d22c000 	D:\Program Files\Java\jre1.8.0_131\bin\server\jvm.dll
0x000007fef9a20000 - 0x000007fef9a29000 	D:\WINDOWS\system32\WSOCK32.dll
0x000007feff2d0000 - 0x000007feff31d000 	D:\WINDOWS\system32\WS2_32.dll
0x000007feff330000 - 0x000007feff338000 	D:\WINDOWS\system32\NSI.dll
0x000007fefb2c0000 - 0x000007fefb2fb000 	D:\WINDOWS\system32\WINMM.dll
0x000007fefc710000 - 0x000007fefc71c000 	D:\WINDOWS\system32\VERSION.dll
0x0000000073020000 - 0x000000007302f000 	D:\Program Files\Java\jre1.8.0_131\bin\verify.dll
0x000000006d190000 - 0x000000006d1b9000 	D:\Program Files\Java\jre1.8.0_131\bin\java.dll
0x000000006d150000 - 0x000000006d185000 	D:\Program Files\Java\jre1.8.0_131\bin\jdwp.dll
0x0000000073030000 - 0x0000000073038000 	D:\Program Files\Java\jre1.8.0_131\bin\npt.dll
0x0000000072c30000 - 0x0000000072c46000 	D:\Program Files\Java\jre1.8.0_131\bin\zip.dll
0x000007fefda80000 - 0x000007fefe80b000 	D:\WINDOWS\system32\SHELL32.dll
0x000007feff5f0000 - 0x000007feff7ec000 	D:\WINDOWS\system32\ole32.dll
0x000007fefd650000 - 0x000007fefd65f000 	D:\WINDOWS\system32\profapi.dll
0x000000006d140000 - 0x000000006d149000 	D:\Program Files\Java\jre1.8.0_131\bin\dt_socket.dll
0x000007fefb090000 - 0x000007fefb0a5000 	D:\WINDOWS\system32\NLAapi.dll
0x000007fefa140000 - 0x000007fefa155000 	D:\WINDOWS\system32\napinsp.dll
0x000007fefa160000 - 0x000007fefa179000 	D:\WINDOWS\system32\pnrpnsp.dll
0x000007fefcdd0000 - 0x000007fefce25000 	D:\WINDOWS\System32\mswsock.dll
0x000007fefcc50000 - 0x000007fefccab000 	D:\WINDOWS\system32\DNSAPI.dll
0x000007fefa130000 - 0x000007fefa13b000 	D:\WINDOWS\System32\winrnr.dll
0x000007fefac40000 - 0x000007fefac67000 	D:\WINDOWS\system32\IPHLPAPI.DLL
0x000007fefac30000 - 0x000007fefac3b000 	D:\WINDOWS\system32\WINNSI.DLL
0x000007fefa5d0000 - 0x000007fefa623000 	D:\WINDOWS\System32\fwpuclnt.dll
0x000007fefa1f0000 - 0x000007fefa1f8000 	D:\WINDOWS\system32\rasadhlp.dll
0x000007fefc7e0000 - 0x000007fefc7e7000 	D:\WINDOWS\System32\wshtcpip.dll
0x000000006d120000 - 0x000000006d13a000 	D:\Program Files\Java\jre1.8.0_131\bin\net.dll
0x000007fefcdc0000 - 0x000007fefcdc7000 	D:\WINDOWS\System32\wship6.dll
0x000007fefd440000 - 0x000007fefd497000 	D:\WINDOWS\system32\apphelp.dll
0x000007fefce30000 - 0x000007fefce48000 	D:\WINDOWS\system32\CRYPTSP.dll
0x000007fefcb30000 - 0x000007fefcb77000 	D:\WINDOWS\system32\rsaenh.dll
0x000007fefd9c0000 - 0x000007fefd9de000 	D:\WINDOWS\system32\USERENV.dll
0x000007fefd4a0000 - 0x000007fefd4af000 	D:\WINDOWS\system32\CRYPTBASE.dll
0x000007fefa5a0000 - 0x000007fefa5b1000 	D:\WINDOWS\system32\dhcpcsvc6.DLL
0x000007fefa580000 - 0x000007fefa598000 	D:\WINDOWS\system32\dhcpcsvc.DLL
0x000000006d100000 - 0x000000006d111000 	D:\Program Files\Java\jre1.8.0_131\bin\nio.dll
0x000000006cfd0000 - 0x000000006cff4000 	D:\Program Files\Java\jre1.8.0_131\bin\sunec.dll

VM Arguments:
jvm_args: -agentlib:jdwp=transport=dt_socket,suspend=y,address=localhost:54333 -Dfile.encoding=Cp1252 
java_command: Execution.Launcher
java_class_path (initial): D:\Users\kmohit\Desktop\JavaTestNG_11-2-2017\bin;D:\Users\kmohit\Desktop\JavaTestNG_11-2-2017\jars\guice-3.0.jar;D:\Users\kmohit\Desktop\JavaTestNG_11-2-2017\jars\log4j-1.2.15.jar;D:\Users\kmohit\Desktop\JavaTestNG_11-2-2017\jars\reportng-1.1.4.jar;D:\Users\kmohit\Desktop\JavaTestNG_11-2-2017\jars\velocity-dep-1.4.jar;D:\Users\kmohit\Desktop\JavaTestNG_11-2-2017\jars\webbit-0.2.14.jar;D:\Users\kmohit\Desktop\JavaTestNG_11-2-2017\jars\cjars\cglib-nodep-2.1_3.jar;D:\Users\kmohit\Desktop\JavaTestNG_11-2-2017\jars\cjars\commons-collections-3.2.1.jar;D:\Users\kmohit\Desktop\JavaTestNG_11-2-2017\jars\cjars\cssparser-0.9.16.jar;D:\Users\kmohit\Desktop\JavaTestNG_11-2-2017\jars\cjars\cucumber-core-1.2.4.jar;D:\Users\kmohit\Desktop\JavaTestNG_11-2-2017\jars\cjars\cucumber-html-0.2.3.jar;D:\Users\kmohit\Desktop\JavaTestNG_11-2-2017\jars\cjars\cucumber-java-1.2.4.jar;D:\Users\kmohit\Desktop\JavaTestNG_11-2-2017\jars\cjars\cucumber-junit-1.2.4.jar;D:\Users\kmohit\Desktop\JavaTestNG_11-2-2017\jars\cjars\cucumber-jvm-deps-1.0.5.jar;D:\Users\kmohit\Desktop\JavaTestNG_11-2-2017\jars\cjars\cucumber-reporting-0.0.24.jar;D:\Users\kmohit\Desktop\JavaTestNG_11-2-2017\jars\cjars\cucumber-testng-1.2.2.jar;D:\Users\kmohit\Desktop\JavaTestNG_11-2-2017\jars\cjars\gherkin-2.12.2.jar;D:\Users\kmohit\Desktop\JavaTestNG_11-2-2017\jars\cjars\gson-2.3.1.jar;D:\Users\kmohit\Desktop\JavaTestNG_11-2-2017\jars\cjars\hamcrest-core-1.3.jar;D:\Users\kmohit\Desktop\JavaTestNG_11-2-2017\jars\cjars\htmlunit-2.18.jar;D:\Users\kmohit\Desktop\JavaTestNG_11-2-2017\jars\cjars\htmlunit-core-js-2.17.jar;D:\Users\kmohit\Desktop\JavaTestNG_11-2-2017\jars\cjars\httpmime-4.5.jar;D:\Users\kmohit\Desktop\JavaTestNG_11-2-2017\jars\cjars\jetty-io-9.2.12.v20150709.jar;D:\Users\kmohit\Desktop\JavaTestNG_11-2-2017\jars\cjars\jetty-util-9.2.12.v20150709.jar;D:\Users\kmohit\Desktop\JavaTestNG_11-2-2017\jars\cjars\junit-4.12.jar;D:\Users\kmohit\Desktop\JavaTestNG_11-2-2017\jars\cjars\nekohtml-1.9.22
Launcher Type: SUN_STANDARD

Environment Variables:
PATH=D:/Program Files/Java/jre1.8.0_144/bin/server;D:/Program Files/Java/jre1.8.0_144/bin;D:/Program Files/Java/jre1.8.0_144/lib/amd64;D:\ProgramData\Oracle\Java\javapath;D:\WINDOWS\system32;D:\WINDOWS;D:\WINDOWS\System32\Wbem;D:\WINDOWS\System32\WindowsPowerShell\v1.0\;D:\Users\kmohit\Desktop\eclipse_oxygen;
USERNAME=kmohit
OS=Windows_NT
PROCESSOR_IDENTIFIER=Intel64 Family 6 Model 60 Stepping 3, GenuineIntel



---------------  S Y S T E M  ---------------

OS: Windows 7 , 64 bit Build 7601 (6.1.7601.23807)

CPU:total 4 (initial active 4) (2 cores per cpu, 2 threads per core) family 6 model 60 stepping 3, cmov, cx8, fxsr, mmx, sse, sse2, sse3, ssse3, sse4.1, sse4.2, popcnt, avx, avx2, aes, clmul, erms, lzcnt, ht, tsc, tscinvbit, bmi1, bmi2

Memory: 4k page, physical 4111128k(728648k free), swap 8625300k(928396k free)

vm_info: Java HotSpot(TM) 64-Bit Server VM (25.131-b11) for windows-amd64 JRE (1.8.0_131-b11), built on Mar 15 2017 01:23:53 by "java_re" with MS VC++ 10.0 (VS2010)

time: Thu Nov 02 13:44:22 2017
elapsed time: 268 seconds (0d 0h 4m 28s)

